<?xml version="1.0" encoding="UTF-8"?>
<!-- Generated by org.testng.reporters.JUnitXMLReporter -->
<testsuite hostname="LTSB-V14-2018" ignored="0" name="Default test" tests="5" failures="0" timestamp="15 may 2019 02:29:33 GMT" time="73.448" errors="0">
  <testcase name="TestCase_01_Login" time="3.772" classname="PackageTestCases.IMBTestCases"/>
  <testcase name="TestCase_02_VerifySearch" time="3.752" classname="PackageTestCases.IMBTestCases"/>
  <testcase name="TestCase_03_ChangeZone" time="4.597" classname="PackageTestCases.IMBTestCases"/>
  <testcase name="TestCase_04_SelectSearch" time="1.908" classname="PackageTestCases.IMBTestCases"/>
  <testcase name="TestCase_05_AdvanceSearch" time="2.517" classname="PackageTestCases.IMBTestCases"/>
</testsuite> <!-- Default test -->
