<?xml version="1.0" encoding="UTF-8"?>
<testng-results skipped="0" failed="0" ignored="0" total="5" passed="5">
  <reporter-output>
  </reporter-output>
  <suite name="Default suite" duration-ms="73448" started-at="2019-05-15T02:28:19Z" finished-at="2019-05-15T02:29:33Z">
    <groups>
    </groups>
    <test name="Default test" duration-ms="73448" started-at="2019-05-15T02:28:19Z" finished-at="2019-05-15T02:29:33Z">
      <class name="PackageTestCases.IMBTestCases">
        <test-method status="PASS" signature="setup()[pri:0, instance:PackageTestCases.IMBTestCases@cb5822]" name="setup" is-config="true" duration-ms="21882" started-at="2019-05-15T02:28:19Z" finished-at="2019-05-15T02:28:41Z">
          <reporter-output>
          </reporter-output>
        </test-method> <!-- setup -->
        <test-method status="PASS" signature="TestCase_01_Login()[pri:0, instance:PackageTestCases.IMBTestCases@cb5822]" name="TestCase_01_Login" duration-ms="3772" started-at="2019-05-15T02:28:41Z" finished-at="2019-05-15T02:28:45Z">
          <reporter-output>
          </reporter-output>
        </test-method> <!-- TestCase_01_Login -->
        <test-method status="PASS" signature="EndTCs()[pri:0, instance:PackageTestCases.IMBTestCases@cb5822]" name="EndTCs" is-config="true" duration-ms="702" started-at="2019-05-15T02:28:45Z" finished-at="2019-05-15T02:28:46Z">
          <reporter-output>
          </reporter-output>
        </test-method> <!-- EndTCs -->
        <test-method status="PASS" signature="setup()[pri:0, instance:PackageTestCases.IMBTestCases@cb5822]" name="setup" is-config="true" duration-ms="8127" started-at="2019-05-15T02:28:46Z" finished-at="2019-05-15T02:28:54Z">
          <reporter-output>
          </reporter-output>
        </test-method> <!-- setup -->
        <test-method status="PASS" signature="TestCase_02_VerifySearch()[pri:0, instance:PackageTestCases.IMBTestCases@cb5822]" name="TestCase_02_VerifySearch" duration-ms="3752" started-at="2019-05-15T02:28:54Z" finished-at="2019-05-15T02:28:58Z">
          <reporter-output>
          </reporter-output>
        </test-method> <!-- TestCase_02_VerifySearch -->
        <test-method status="PASS" signature="EndTCs()[pri:0, instance:PackageTestCases.IMBTestCases@cb5822]" name="EndTCs" is-config="true" duration-ms="753" started-at="2019-05-15T02:28:58Z" finished-at="2019-05-15T02:28:58Z">
          <reporter-output>
          </reporter-output>
        </test-method> <!-- EndTCs -->
        <test-method status="PASS" signature="setup()[pri:0, instance:PackageTestCases.IMBTestCases@cb5822]" name="setup" is-config="true" duration-ms="7324" started-at="2019-05-15T02:28:58Z" finished-at="2019-05-15T02:29:06Z">
          <reporter-output>
          </reporter-output>
        </test-method> <!-- setup -->
        <test-method status="PASS" signature="TestCase_03_ChangeZone()[pri:0, instance:PackageTestCases.IMBTestCases@cb5822]" name="TestCase_03_ChangeZone" duration-ms="4597" started-at="2019-05-15T02:29:06Z" finished-at="2019-05-15T02:29:10Z">
          <reporter-output>
          </reporter-output>
        </test-method> <!-- TestCase_03_ChangeZone -->
        <test-method status="PASS" signature="EndTCs()[pri:0, instance:PackageTestCases.IMBTestCases@cb5822]" name="EndTCs" is-config="true" duration-ms="626" started-at="2019-05-15T02:29:10Z" finished-at="2019-05-15T02:29:11Z">
          <reporter-output>
          </reporter-output>
        </test-method> <!-- EndTCs -->
        <test-method status="PASS" signature="setup()[pri:0, instance:PackageTestCases.IMBTestCases@cb5822]" name="setup" is-config="true" duration-ms="7826" started-at="2019-05-15T02:29:11Z" finished-at="2019-05-15T02:29:19Z">
          <reporter-output>
          </reporter-output>
        </test-method> <!-- setup -->
        <test-method status="PASS" signature="TestCase_04_SelectSearch()[pri:0, instance:PackageTestCases.IMBTestCases@cb5822]" name="TestCase_04_SelectSearch" duration-ms="1908" started-at="2019-05-15T02:29:19Z" finished-at="2019-05-15T02:29:21Z">
          <reporter-output>
          </reporter-output>
        </test-method> <!-- TestCase_04_SelectSearch -->
        <test-method status="PASS" signature="EndTCs()[pri:0, instance:PackageTestCases.IMBTestCases@cb5822]" name="EndTCs" is-config="true" duration-ms="651" started-at="2019-05-15T02:29:21Z" finished-at="2019-05-15T02:29:21Z">
          <reporter-output>
          </reporter-output>
        </test-method> <!-- EndTCs -->
        <test-method status="PASS" signature="setup()[pri:0, instance:PackageTestCases.IMBTestCases@cb5822]" name="setup" is-config="true" duration-ms="8330" started-at="2019-05-15T02:29:21Z" finished-at="2019-05-15T02:29:30Z">
          <reporter-output>
          </reporter-output>
        </test-method> <!-- setup -->
        <test-method status="PASS" signature="TestCase_05_AdvanceSearch()[pri:0, instance:PackageTestCases.IMBTestCases@cb5822]" name="TestCase_05_AdvanceSearch" duration-ms="2517" started-at="2019-05-15T02:29:30Z" finished-at="2019-05-15T02:29:32Z">
          <reporter-output>
          </reporter-output>
        </test-method> <!-- TestCase_05_AdvanceSearch -->
        <test-method status="PASS" signature="EndTCs()[pri:0, instance:PackageTestCases.IMBTestCases@cb5822]" name="EndTCs" is-config="true" duration-ms="639" started-at="2019-05-15T02:29:32Z" finished-at="2019-05-15T02:29:33Z">
          <reporter-output>
          </reporter-output>
        </test-method> <!-- EndTCs -->
      </class> <!-- PackageTestCases.IMBTestCases -->
    </test> <!-- Default test -->
  </suite> <!-- Default suite -->
</testng-results>
